[2m2022-11-05T18:40:35.492002Z[0m [32m INFO[0m [2mstacks_network::chains_coordinator[0m[2m:[0m Checking contracts...
[2m2022-11-05T18:40:35.510834Z[0m [32m INFO[0m [2mstacks_network[0m[2m:[0m Starting Devnet...
[2m2022-11-05T18:40:35.511190Z[0m [32m INFO[0m [2mchainhook_event_observer::observer[0m[2m:[0m Event observer starting with config EventObserverConfig { normalization_enabled: true, grpc_server_enabled: false, hooks_enabled: true, initial_hook_formation: Some(HookFormation { stacks_chainhooks: [], bitcoin_chainhooks: [] }), bitcoin_rpc_proxy_enabled: true, event_handlers: [], ingestion_port: 20445, control_port: 20446, bitcoin_node_username: "devnet", bitcoin_node_password: "devnet", bitcoin_node_rpc_host: "http://localhost", bitcoin_node_rpc_port: 18443, stacks_node_rpc_host: "http://localhost", stacks_node_rpc_port: 20443, operators: {}, display_logs: true }    
[2m2022-11-05T18:40:35.511986Z[0m [32m INFO[0m [2mstacks_network::ui::app[0m[2m:[0m 0 hooks registered
[2m2022-11-05T18:40:35.514300Z[0m [32m INFO[0m [2mrocket::launch[0m[2m:[0m 🔧 Configured for release.    
[2m2022-11-05T18:40:35.514305Z[0m [32m INFO[0m [2mrocket::launch_[0m[2m:[0m address: [1;49;39m0.0.0.0[0m    
[2m2022-11-05T18:40:35.514307Z[0m [32m INFO[0m [2mrocket::launch_[0m[2m:[0m port: [1;49;39m20445[0m    
[2m2022-11-05T18:40:35.514308Z[0m [32m INFO[0m [2mrocket::launch_[0m[2m:[0m workers: [1;49;39m3[0m    
[2m2022-11-05T18:40:35.514309Z[0m [32m INFO[0m [2mrocket::launch_[0m[2m:[0m ident: [1;49;39mRocket[0m    
[2m2022-11-05T18:40:35.514311Z[0m [32m INFO[0m [2mrocket::launch_[0m[2m:[0m limits: [1;49;39mbytes = 8KiB, data-form = 2MiB, file = 1MiB, form = 32KiB, json = 4MB, msgpack = 1MiB, string = 8KiB[0m    
[2m2022-11-05T18:40:35.514313Z[0m [32m INFO[0m [2mrocket::launch_[0m[2m:[0m temp dir: [1;49;39m/var/folders/17/1dbbdlvs4qq208ll16ywp8dc0000gn/T/[0m    
[2m2022-11-05T18:40:35.514314Z[0m [32m INFO[0m [2mrocket::launch_[0m[2m:[0m http/2: [1;49;39mtrue[0m    
[2m2022-11-05T18:40:35.514315Z[0m [32m INFO[0m [2mrocket::launch_[0m[2m:[0m keep-alive: [1;49;39m5[0m[1;49;39ms[0m    
[2m2022-11-05T18:40:35.514317Z[0m [32m INFO[0m [2mrocket::launch_[0m[2m:[0m tls: [1;49;39mdisabled[0m    
[2m2022-11-05T18:40:35.514317Z[0m [32m INFO[0m [2mrocket::launch_[0m[2m:[0m shutdown: [1;49;39mctrlc = true, force = true, signals = [SIGTERM], grace = 2s, mercy = 3s[0m    
[2m2022-11-05T18:40:35.514319Z[0m [32m INFO[0m [2mrocket::launch_[0m[2m:[0m log level: [1;49;39mdebug[0m    
[2m2022-11-05T18:40:35.514320Z[0m [32m INFO[0m [2mrocket::launch_[0m[2m:[0m cli colors: [1;49;39mtrue[0m    
[2m2022-11-05T18:40:35.514331Z[0m [32m INFO[0m [2mrocket::launch[0m[2m:[0m 📬 [35mRoutes[0m:    
[2m2022-11-05T18:40:35.514522Z[0m [32m INFO[0m [2mrocket::launch_[0m[2m:[0m [36m([0m[37mhandle_bitcoin_rpc_call[0m[36m)[0m [32mPOST[0m [34m/[0m [33mapplication/json[0m    
[2m2022-11-05T18:40:35.514525Z[0m [32m INFO[0m [2mrocket::launch_[0m[2m:[0m [36m([0m[37mhandle_ping[0m[36m)[0m [32mGET[0m [34m/ping[0m [33mapplication/json[0m    
[2m2022-11-05T18:40:35.514527Z[0m [32m INFO[0m [2mrocket::launch_[0m[2m:[0m [36m([0m[37mhandle_new_stacks_block[0m[36m)[0m [32mPOST[0m [34m/new_block[0m [33mapplication/json[0m    
[2m2022-11-05T18:40:35.514528Z[0m [32m INFO[0m [2mrocket::launch_[0m[2m:[0m [36m([0m[37mhandle_new_bitcoin_block[0m[36m)[0m [32mPOST[0m [34m/new_burn_block[0m [33mapplication/json[0m    
[2m2022-11-05T18:40:35.514529Z[0m [32m INFO[0m [2mrocket::launch_[0m[2m:[0m [36m([0m[37mhandle_new_mempool_tx[0m[36m)[0m [32mPOST[0m [34m/new_mempool_tx[0m [33mapplication/json[0m    
[2m2022-11-05T18:40:35.514530Z[0m [32m INFO[0m [2mrocket::launch_[0m[2m:[0m [36m([0m[37mhandle_new_microblocks[0m[36m)[0m [32mPOST[0m [34m/new_microblocks[0m [33mapplication/json[0m    
[2m2022-11-05T18:40:35.514531Z[0m [32m INFO[0m [2mrocket::launch_[0m[2m:[0m [36m([0m[37mhandle_drop_mempool_tx[0m[36m)[0m [32mPOST[0m [34m/drop_mempool_tx[0m [33mapplication/json[0m    
[2m2022-11-05T18:40:35.514533Z[0m [32m INFO[0m [2mrocket::launch_[0m[2m:[0m [36m([0m[37mhandle_new_attachement[0m[36m)[0m [32mPOST[0m [34m/attachments/new[0m [33mapplication/json[0m    
[2m2022-11-05T18:40:35.514535Z[0m [32m INFO[0m [2mrocket::launch[0m[2m:[0m 📡 [35mFairings[0m:    
[2m2022-11-05T18:40:35.514536Z[0m [32m INFO[0m [2mrocket::launch_[0m[2m:[0m [1;49;39mShield[0m ([1;34mliftoff, response, singleton[0m)    
[2m2022-11-05T18:40:35.515510Z[0m [32m INFO[0m [2mrocket::launch[0m[2m:[0m 🔧 Configured for release.    
[2m2022-11-05T18:40:35.515512Z[0m [32m INFO[0m [2mrocket::launch_[0m[2m:[0m address: [1;49;39m0.0.0.0[0m    
[2m2022-11-05T18:40:35.515513Z[0m [32m INFO[0m [2mrocket::launch_[0m[2m:[0m port: [1;49;39m20446[0m    
[2m2022-11-05T18:40:35.515514Z[0m [32m INFO[0m [2mrocket::launch_[0m[2m:[0m workers: [1;49;39m1[0m    
[2m2022-11-05T18:40:35.515515Z[0m [32m INFO[0m [2mrocket::launch_[0m[2m:[0m ident: [1;49;39mRocket[0m    
[2m2022-11-05T18:40:35.515516Z[0m [32m INFO[0m [2mrocket::launch_[0m[2m:[0m limits: [1;49;39mbytes = 8KiB, data-form = 2MiB, file = 1MiB, form = 32KiB, json = 1MiB, msgpack = 1MiB, string = 8KiB[0m    
[2m2022-11-05T18:40:35.515518Z[0m [32m INFO[0m [2mrocket::launch_[0m[2m:[0m temp dir: [1;49;39m/var/folders/17/1dbbdlvs4qq208ll16ywp8dc0000gn/T/[0m    
[2m2022-11-05T18:40:35.515519Z[0m [32m INFO[0m [2mrocket::launch_[0m[2m:[0m http/2: [1;49;39mtrue[0m    
[2m2022-11-05T18:40:35.515520Z[0m [32m INFO[0m [2mrocket::launch_[0m[2m:[0m keep-alive: [1;49;39m5[0m[1;49;39ms[0m    
[2m2022-11-05T18:40:35.515521Z[0m [32m INFO[0m [2mrocket::launch_[0m[2m:[0m tls: [1;49;39mdisabled[0m    
[2m2022-11-05T18:40:35.515522Z[0m [32m INFO[0m [2mrocket::launch_[0m[2m:[0m shutdown: [1;49;39mctrlc = true, force = true, signals = [SIGTERM], grace = 2s, mercy = 3s[0m    
[2m2022-11-05T18:40:35.515523Z[0m [32m INFO[0m [2mrocket::launch_[0m[2m:[0m log level: [1;49;39mdebug[0m    
[2m2022-11-05T18:40:35.515524Z[0m [32m INFO[0m [2mrocket::launch_[0m[2m:[0m cli colors: [1;49;39mtrue[0m    
[2m2022-11-05T18:40:35.515532Z[0m [32m INFO[0m [2mrocket::launch[0m[2m:[0m 📬 [35mRoutes[0m:    
[2m2022-11-05T18:40:35.515536Z[0m [32m INFO[0m [2mrocket::launch_[0m[2m:[0m [36m([0m[37mhandle_ping[0m[36m)[0m [32mGET[0m [34m/ping[0m [33mapplication/json[0m    
[2m2022-11-05T18:40:35.515537Z[0m [32m INFO[0m [2mrocket::launch_[0m[2m:[0m [32mGET[0m [34m/openapi.json[0m    
[2m2022-11-05T18:40:35.515538Z[0m [32m INFO[0m [2mrocket::launch_[0m[2m:[0m [36m([0m[37mhandle_get_hooks[0m[36m)[0m [32mGET[0m [34m/v1/chainhooks[0m [33mapplication/json[0m    
[2m2022-11-05T18:40:35.515540Z[0m [32m INFO[0m [2mrocket::launch_[0m[2m:[0m [36m([0m[37mhandle_create_hook[0m[36m)[0m [32mPOST[0m [34m/v1/chainhooks[0m [33mapplication/json[0m    
[2m2022-11-05T18:40:35.515541Z[0m [32m INFO[0m [2mrocket::launch_[0m[2m:[0m [36m([0m[37mhandle_delete_stacks_hook[0m[36m)[0m [32mDELETE[0m [34m/v1/chainhooks/stacks/<hook_uuid>[0m [33mapplication/json[0m    
[2m2022-11-05T18:40:35.515542Z[0m [32m INFO[0m [2mrocket::launch_[0m[2m:[0m [36m([0m[37mhandle_delete_bitcoin_hook[0m[36m)[0m [32mDELETE[0m [34m/v1/chainhooks/bitcoin/<hook_uuid>[0m [33mapplication/json[0m    
[2m2022-11-05T18:40:35.515544Z[0m [32m INFO[0m [2mrocket::launch[0m[2m:[0m 📡 [35mFairings[0m:    
[2m2022-11-05T18:40:35.515545Z[0m [32m INFO[0m [2mrocket::launch_[0m[2m:[0m [1;49;39mShield[0m ([1;34mliftoff, response, singleton[0m)    
[2m2022-11-05T18:40:35.523115Z[0m [31mERROR[0m [2mrocket::error[0m[2m:[0m Rocket failed to bind network socket to given address/port.    
[2m2022-11-05T18:40:35.523118Z[0m [32m INFO[0m [2m_[0m[2m:[0m Address already in use (os error 48)    
[2m2022-11-05T18:40:35.525481Z[0m [31mERROR[0m [2mrocket::error[0m[2m:[0m Rocket failed to bind network socket to given address/port.    
[2m2022-11-05T18:40:35.525484Z[0m [32m INFO[0m [2m_[0m[2m:[0m Address already in use (os error 48)    
[2m2022-11-05T18:40:35.540716Z[0m [32m INFO[0m [2mstacks_network::ui::app[0m[2m:[0m Initiating Devnet boot sequence (working_dir: /Users/hugo/Sites/clearness-project/clarity-voting-tuto/.cache/stacks-devnet-1667673635)
[2m2022-11-05T18:40:35.541677Z[0m [32m INFO[0m [2mstacks_network::ui::app[0m[2m:[0m Creating network clarity-voting-tuto.devnet
[2m2022-11-05T18:40:35.592134Z[0m [32m INFO[0m [2mstacks_network::ui::app[0m[2m:[0m Starting bitcoin-node
[2m2022-11-05T18:40:37.019047Z[0m [32m INFO[0m [2mstacks_network::orchestrator[0m[2m:[0m Created container bitcoin-node: acf02a207c145e6ffc31e2fdf62bd490af0b2a0c9e004b2674d78c2dcb5b0f9d
[2m2022-11-05T18:40:37.521737Z[0m [32m INFO[0m [2mstacks_network::ui::app[0m[2m:[0m Configuring bitcoin-node
[2m2022-11-05T18:40:53.529934Z[0m [32m INFO[0m [2mstacks_network::ui::app[0m[2m:[0m Waiting for bitcoin-node
[2m2022-11-05T18:40:58.886743Z[0m [32m INFO[0m [2mstacks_network::ui::app[0m[2m:[0m Starting postgres
[2m2022-11-05T18:41:00.370069Z[0m [32m INFO[0m [2mstacks_network::orchestrator[0m[2m:[0m Created container postgres: 139fa6767d77df535e176e5c7e012362e78e460f1eb99a31da7de855bfbb1bcb
[2m2022-11-05T18:41:00.921002Z[0m [32m INFO[0m [2mstacks_network::ui::app[0m[2m:[0m Starting stacks-api
[2m2022-11-05T18:41:02.256126Z[0m [32m INFO[0m [2mstacks_network::orchestrator[0m[2m:[0m Created container stacks-api: bb4ec024caf5e739ae850d54fae66e88fc52710b58f7c823d2e335677c6a2030
[2m2022-11-05T18:41:02.724393Z[0m [32m INFO[0m [2mstacks_network::ui::app[0m[2m:[0m Starting stacks-node
[2m2022-11-05T18:41:04.060187Z[0m [32m INFO[0m [2mstacks_network::orchestrator[0m[2m:[0m Created container stacks-node: 0c97636de368e3ffe3de3a56f152f0efa0f29fdcaf41951862c0ed1c7a039a9d
[2m2022-11-05T18:41:05.839578Z[0m [32m INFO[0m [2mstacks_network::orchestrator[0m[2m:[0m Created container stacks-explorer: 4c81e7b5a6fbc291e6a56803b8ad000b24b95f75dd18ae09be49be1f496a9e05
[2m2022-11-05T18:41:05.839714Z[0m [32m INFO[0m [2mstacks_network::ui::app[0m[2m:[0m Starting stacks-explorer
[2m2022-11-05T18:43:18.005374Z[0m [33m WARN[0m [2mstacks_network::ui::app[0m[2m:[0m Ctrl+C received, initiating termination sequence.
[2m2022-11-05T18:43:18.005832Z[0m [32m INFO[0m [2mchainhook_event_observer::observer[0m[2m:[0m Handling Termination command    
