[2m2022-11-05T18:35:25.757664Z[0m [32m INFO[0m [2mstacks_network::chains_coordinator[0m[2m:[0m Checking contracts...
[2m2022-11-05T18:35:25.776557Z[0m [32m INFO[0m [2mstacks_network[0m[2m:[0m Starting Devnet...
[2m2022-11-05T18:35:25.776950Z[0m [32m INFO[0m [2mchainhook_event_observer::observer[0m[2m:[0m Event observer starting with config EventObserverConfig { normalization_enabled: true, grpc_server_enabled: false, hooks_enabled: true, initial_hook_formation: Some(HookFormation { stacks_chainhooks: [], bitcoin_chainhooks: [] }), bitcoin_rpc_proxy_enabled: true, event_handlers: [], ingestion_port: 20445, control_port: 20446, bitcoin_node_username: "devnet", bitcoin_node_password: "devnet", bitcoin_node_rpc_host: "http://localhost", bitcoin_node_rpc_port: 18443, stacks_node_rpc_host: "http://localhost", stacks_node_rpc_port: 20443, operators: {}, display_logs: true }    
[2m2022-11-05T18:35:25.777865Z[0m [32m INFO[0m [2mstacks_network::ui::app[0m[2m:[0m 0 hooks registered
[2m2022-11-05T18:35:25.780150Z[0m [32m INFO[0m [2mrocket::launch[0m[2m:[0m 🔧 Configured for release.    
[2m2022-11-05T18:35:25.780154Z[0m [32m INFO[0m [2mrocket::launch_[0m[2m:[0m address: [1;49;39m0.0.0.0[0m    
[2m2022-11-05T18:35:25.780156Z[0m [32m INFO[0m [2mrocket::launch_[0m[2m:[0m port: [1;49;39m20445[0m    
[2m2022-11-05T18:35:25.780158Z[0m [32m INFO[0m [2mrocket::launch_[0m[2m:[0m workers: [1;49;39m3[0m    
[2m2022-11-05T18:35:25.780159Z[0m [32m INFO[0m [2mrocket::launch_[0m[2m:[0m ident: [1;49;39mRocket[0m    
[2m2022-11-05T18:35:25.780160Z[0m [32m INFO[0m [2mrocket::launch_[0m[2m:[0m limits: [1;49;39mbytes = 8KiB, data-form = 2MiB, file = 1MiB, form = 32KiB, json = 4MB, msgpack = 1MiB, string = 8KiB[0m    
[2m2022-11-05T18:35:25.780162Z[0m [32m INFO[0m [2mrocket::launch_[0m[2m:[0m temp dir: [1;49;39m/var/folders/17/1dbbdlvs4qq208ll16ywp8dc0000gn/T/[0m    
[2m2022-11-05T18:35:25.780164Z[0m [32m INFO[0m [2mrocket::launch_[0m[2m:[0m http/2: [1;49;39mtrue[0m    
[2m2022-11-05T18:35:25.780165Z[0m [32m INFO[0m [2mrocket::launch_[0m[2m:[0m keep-alive: [1;49;39m5[0m[1;49;39ms[0m    
[2m2022-11-05T18:35:25.780166Z[0m [32m INFO[0m [2mrocket::launch_[0m[2m:[0m tls: [1;49;39mdisabled[0m    
[2m2022-11-05T18:35:25.780167Z[0m [32m INFO[0m [2mrocket::launch_[0m[2m:[0m shutdown: [1;49;39mctrlc = true, force = true, signals = [SIGTERM], grace = 2s, mercy = 3s[0m    
[2m2022-11-05T18:35:25.780169Z[0m [32m INFO[0m [2mrocket::launch_[0m[2m:[0m log level: [1;49;39mdebug[0m    
[2m2022-11-05T18:35:25.780170Z[0m [32m INFO[0m [2mrocket::launch_[0m[2m:[0m cli colors: [1;49;39mtrue[0m    
[2m2022-11-05T18:35:25.780180Z[0m [32m INFO[0m [2mrocket::launch[0m[2m:[0m 📬 [35mRoutes[0m:    
[2m2022-11-05T18:35:25.780335Z[0m [32m INFO[0m [2mrocket::launch_[0m[2m:[0m [36m([0m[37mhandle_bitcoin_rpc_call[0m[36m)[0m [32mPOST[0m [34m/[0m [33mapplication/json[0m    
[2m2022-11-05T18:35:25.780339Z[0m [32m INFO[0m [2mrocket::launch_[0m[2m:[0m [36m([0m[37mhandle_ping[0m[36m)[0m [32mGET[0m [34m/ping[0m [33mapplication/json[0m    
[2m2022-11-05T18:35:25.780340Z[0m [32m INFO[0m [2mrocket::launch_[0m[2m:[0m [36m([0m[37mhandle_new_stacks_block[0m[36m)[0m [32mPOST[0m [34m/new_block[0m [33mapplication/json[0m    
[2m2022-11-05T18:35:25.780342Z[0m [32m INFO[0m [2mrocket::launch_[0m[2m:[0m [36m([0m[37mhandle_new_bitcoin_block[0m[36m)[0m [32mPOST[0m [34m/new_burn_block[0m [33mapplication/json[0m    
[2m2022-11-05T18:35:25.780343Z[0m [32m INFO[0m [2mrocket::launch_[0m[2m:[0m [36m([0m[37mhandle_new_mempool_tx[0m[36m)[0m [32mPOST[0m [34m/new_mempool_tx[0m [33mapplication/json[0m    
[2m2022-11-05T18:35:25.780344Z[0m [32m INFO[0m [2mrocket::launch_[0m[2m:[0m [36m([0m[37mhandle_new_microblocks[0m[36m)[0m [32mPOST[0m [34m/new_microblocks[0m [33mapplication/json[0m    
[2m2022-11-05T18:35:25.780345Z[0m [32m INFO[0m [2mrocket::launch_[0m[2m:[0m [36m([0m[37mhandle_drop_mempool_tx[0m[36m)[0m [32mPOST[0m [34m/drop_mempool_tx[0m [33mapplication/json[0m    
[2m2022-11-05T18:35:25.780347Z[0m [32m INFO[0m [2mrocket::launch_[0m[2m:[0m [36m([0m[37mhandle_new_attachement[0m[36m)[0m [32mPOST[0m [34m/attachments/new[0m [33mapplication/json[0m    
[2m2022-11-05T18:35:25.780349Z[0m [32m INFO[0m [2mrocket::launch[0m[2m:[0m 📡 [35mFairings[0m:    
[2m2022-11-05T18:35:25.780350Z[0m [32m INFO[0m [2mrocket::launch_[0m[2m:[0m [1;49;39mShield[0m ([1;34mliftoff, response, singleton[0m)    
[2m2022-11-05T18:35:25.789000Z[0m [31mERROR[0m [2mrocket::error[0m[2m:[0m Rocket failed to bind network socket to given address/port.    
[2m2022-11-05T18:35:25.789005Z[0m [32m INFO[0m [2m_[0m[2m:[0m Address already in use (os error 48)    
[2m2022-11-05T18:35:25.791365Z[0m [32m INFO[0m [2mrocket::launch[0m[2m:[0m 🔧 Configured for release.    
[2m2022-11-05T18:35:25.791372Z[0m [32m INFO[0m [2mrocket::launch_[0m[2m:[0m address: [1;49;39m0.0.0.0[0m    
[2m2022-11-05T18:35:25.791375Z[0m [32m INFO[0m [2mrocket::launch_[0m[2m:[0m port: [1;49;39m20446[0m    
[2m2022-11-05T18:35:25.791376Z[0m [32m INFO[0m [2mrocket::launch_[0m[2m:[0m workers: [1;49;39m1[0m    
[2m2022-11-05T18:35:25.791377Z[0m [32m INFO[0m [2mrocket::launch_[0m[2m:[0m ident: [1;49;39mRocket[0m    
[2m2022-11-05T18:35:25.791378Z[0m [32m INFO[0m [2mrocket::launch_[0m[2m:[0m limits: [1;49;39mbytes = 8KiB, data-form = 2MiB, file = 1MiB, form = 32KiB, json = 1MiB, msgpack = 1MiB, string = 8KiB[0m    
[2m2022-11-05T18:35:25.791382Z[0m [32m INFO[0m [2mrocket::launch_[0m[2m:[0m temp dir: [1;49;39m/var/folders/17/1dbbdlvs4qq208ll16ywp8dc0000gn/T/[0m    
[2m2022-11-05T18:35:25.791384Z[0m [32m INFO[0m [2mrocket::launch_[0m[2m:[0m http/2: [1;49;39mtrue[0m    
[2m2022-11-05T18:35:25.791385Z[0m [32m INFO[0m [2mrocket::launch_[0m[2m:[0m keep-alive: [1;49;39m5[0m[1;49;39ms[0m    
[2m2022-11-05T18:35:25.791386Z[0m [32m INFO[0m [2mrocket::launch_[0m[2m:[0m tls: [1;49;39mdisabled[0m    
[2m2022-11-05T18:35:25.791388Z[0m [32m INFO[0m [2mrocket::launch_[0m[2m:[0m shutdown: [1;49;39mctrlc = true, force = true, signals = [SIGTERM], grace = 2s, mercy = 3s[0m    
[2m2022-11-05T18:35:25.791390Z[0m [32m INFO[0m [2mrocket::launch_[0m[2m:[0m log level: [1;49;39mdebug[0m    
[2m2022-11-05T18:35:25.791392Z[0m [32m INFO[0m [2mrocket::launch_[0m[2m:[0m cli colors: [1;49;39mtrue[0m    
[2m2022-11-05T18:35:25.791405Z[0m [32m INFO[0m [2mrocket::launch[0m[2m:[0m 📬 [35mRoutes[0m:    
[2m2022-11-05T18:35:25.791412Z[0m [32m INFO[0m [2mrocket::launch_[0m[2m:[0m [36m([0m[37mhandle_ping[0m[36m)[0m [32mGET[0m [34m/ping[0m [33mapplication/json[0m    
[2m2022-11-05T18:35:25.791418Z[0m [32m INFO[0m [2mrocket::launch_[0m[2m:[0m [32mGET[0m [34m/openapi.json[0m    
[2m2022-11-05T18:35:25.791419Z[0m [32m INFO[0m [2mrocket::launch_[0m[2m:[0m [36m([0m[37mhandle_get_hooks[0m[36m)[0m [32mGET[0m [34m/v1/chainhooks[0m [33mapplication/json[0m    
[2m2022-11-05T18:35:25.791421Z[0m [32m INFO[0m [2mrocket::launch_[0m[2m:[0m [36m([0m[37mhandle_create_hook[0m[36m)[0m [32mPOST[0m [34m/v1/chainhooks[0m [33mapplication/json[0m    
[2m2022-11-05T18:35:25.791422Z[0m [32m INFO[0m [2mrocket::launch_[0m[2m:[0m [36m([0m[37mhandle_delete_stacks_hook[0m[36m)[0m [32mDELETE[0m [34m/v1/chainhooks/stacks/<hook_uuid>[0m [33mapplication/json[0m    
[2m2022-11-05T18:35:25.791424Z[0m [32m INFO[0m [2mrocket::launch_[0m[2m:[0m [36m([0m[37mhandle_delete_bitcoin_hook[0m[36m)[0m [32mDELETE[0m [34m/v1/chainhooks/bitcoin/<hook_uuid>[0m [33mapplication/json[0m    
[2m2022-11-05T18:35:25.791426Z[0m [32m INFO[0m [2mrocket::launch[0m[2m:[0m 📡 [35mFairings[0m:    
[2m2022-11-05T18:35:25.791427Z[0m [32m INFO[0m [2mrocket::launch_[0m[2m:[0m [1;49;39mShield[0m ([1;34mliftoff, response, singleton[0m)    
[2m2022-11-05T18:35:25.791667Z[0m [31mERROR[0m [2mrocket::error[0m[2m:[0m Rocket failed to bind network socket to given address/port.    
[2m2022-11-05T18:35:25.791670Z[0m [32m INFO[0m [2m_[0m[2m:[0m Address already in use (os error 48)    
[2m2022-11-05T18:35:27.496869Z[0m [32m INFO[0m [2mstacks_network::ui::app[0m[2m:[0m Initiating Devnet boot sequence (working_dir: /Users/hugo/Sites/clearness-project/clarity-voting-tuto/.cache/stacks-devnet-1667673325)
[2m2022-11-05T18:35:27.499853Z[0m [32m INFO[0m [2mstacks_network::ui::app[0m[2m:[0m Creating network clarity-voting-tuto.devnet
[2m2022-11-05T18:35:27.544341Z[0m [32m INFO[0m [2mstacks_network::ui::app[0m[2m:[0m Starting bitcoin-node
[2m2022-11-05T18:35:28.953080Z[0m [32m INFO[0m [2mstacks_network::orchestrator[0m[2m:[0m Created container bitcoin-node: 28bc274e37541ab42697c45df9db0f00753da013a37b2f535053afd718f98e5f
[2m2022-11-05T18:35:29.297023Z[0m [32m INFO[0m [2mstacks_network::ui::app[0m[2m:[0m Configuring bitcoin-node
[2m2022-11-05T18:35:45.303773Z[0m [32m INFO[0m [2mstacks_network::ui::app[0m[2m:[0m Waiting for bitcoin-node
[2m2022-11-05T18:35:50.308508Z[0m [32m INFO[0m [2mstacks_network::ui::app[0m[2m:[0m Starting postgres
[2m2022-11-05T18:35:51.748328Z[0m [32m INFO[0m [2mstacks_network::orchestrator[0m[2m:[0m Created container postgres: fd2c964f9718fb790056d0b61d5920f39243b79fe39af0c4a6da1cd12a2dd682
[2m2022-11-05T18:35:52.064201Z[0m [32m INFO[0m [2mstacks_network::ui::app[0m[2m:[0m Starting stacks-api
[2m2022-11-05T18:35:53.352512Z[0m [32m INFO[0m [2mstacks_network::orchestrator[0m[2m:[0m Created container stacks-api: 1d3a45a7bb6d34d7d257bc9dddb5d129253dcc9cfd2340084d0a03fdca2a42b5
[2m2022-11-05T18:35:53.657028Z[0m [32m INFO[0m [2mstacks_network::ui::app[0m[2m:[0m Starting stacks-node
[2m2022-11-05T18:35:54.933648Z[0m [32m INFO[0m [2mstacks_network::orchestrator[0m[2m:[0m Created container stacks-node: 981d9ca46b872704504d9f9264f7ff2a200a610d444dcf10816dc67dd2b7b0c6
[2m2022-11-05T18:35:56.513278Z[0m [32m INFO[0m [2mstacks_network::orchestrator[0m[2m:[0m Created container stacks-explorer: a888b31194098d909afd3b10e41dd39da5df6149d29cd88e7e1f19382e13ded5
[2m2022-11-05T18:35:56.513378Z[0m [32m INFO[0m [2mstacks_network::ui::app[0m[2m:[0m Starting stacks-explorer
[2m2022-11-05T18:38:05.866092Z[0m [33m WARN[0m [2mstacks_network::ui::app[0m[2m:[0m Ctrl+C received, initiating termination sequence.
[2m2022-11-05T18:38:05.866451Z[0m [32m INFO[0m [2mchainhook_event_observer::observer[0m[2m:[0m Handling Termination command    
